c:\users\laou6\desktop\c++\keyloggerv1\keyloggerv1\consoleapplication1\debug\vc142.pdb
c:\users\laou6\desktop\c++\keyloggerv1\keyloggerv1\consoleapplication1\debug\vc142.idb
c:\users\laou6\desktop\c++\keyloggerv1\keyloggerv1\consoleapplication1\debug\timer.obj
c:\users\laou6\desktop\c++\keyloggerv1\keyloggerv1\consoleapplication1\debug\request.obj
c:\users\laou6\desktop\c++\keyloggerv1\keyloggerv1\consoleapplication1\debug\keylogger.obj
c:\users\laou6\desktop\c++\keyloggerv1\keyloggerv1\consoleapplication1\debug\main.obj
c:\users\laou6\desktop\c++\keyloggerv1\keyloggerv1\consoleapplication1\debug\choice.obj
c:\users\laou6\desktop\c++\keyloggerv1\keyloggerv1\consoleapplication1\debug\vcpkg.applocal.log
c:\users\laou6\desktop\c++\keyloggerv1\keyloggerv1\debug\libcurl-d.dll
c:\users\laou6\desktop\c++\keyloggerv1\keyloggerv1\debug\zlibd1.dll
c:\users\laou6\desktop\c++\keyloggerv1\keyloggerv1\debug\keyloggerv1.exe
c:\users\laou6\desktop\c++\keyloggerv1\keyloggerv1\debug\keyloggerv1.ilk
c:\users\laou6\desktop\c++\keyloggerv1\keyloggerv1\debug\keyloggerv1.pdb
c:\users\laou6\desktop\c++\keyloggerv1\keyloggerv1\consoleapplication1\debug\keyloggerv1.tlog\cl.command.1.tlog
c:\users\laou6\desktop\c++\keyloggerv1\keyloggerv1\consoleapplication1\debug\keyloggerv1.tlog\cl.read.1.tlog
c:\users\laou6\desktop\c++\keyloggerv1\keyloggerv1\consoleapplication1\debug\keyloggerv1.tlog\cl.write.1.tlog
c:\users\laou6\desktop\c++\keyloggerv1\keyloggerv1\consoleapplication1\debug\keyloggerv1.tlog\keyloggerv1.write.1u.tlog
c:\users\laou6\desktop\c++\keyloggerv1\keyloggerv1\consoleapplication1\debug\keyloggerv1.tlog\link.command.1.tlog
c:\users\laou6\desktop\c++\keyloggerv1\keyloggerv1\consoleapplication1\debug\keyloggerv1.tlog\link.read.1.tlog
c:\users\laou6\desktop\c++\keyloggerv1\keyloggerv1\consoleapplication1\debug\keyloggerv1.tlog\link.write.1.tlog
